Determining if the pthread_create exist failed with the following output:
Change Dir: /home/IN/tojo6854/Documents/SicVis/ExSciVis2019-master/build/CMakeFiles/CMakeTmp

Run Build Command(s):/usr/bin/make cmTC_4eadf/fast 
/usr/bin/make -f CMakeFiles/cmTC_4eadf.dir/build.make CMakeFiles/cmTC_4eadf.dir/build
make[1]: Entering directory '/home/IN/tojo6854/Documents/SicVis/ExSciVis2019-master/build/CMakeFiles/CMakeTmp'
Building C object CMakeFiles/cmTC_4eadf.dir/CheckSymbolExists.c.o
/usr/bin/cc    -o CMakeFiles/cmTC_4eadf.dir/CheckSymbolExists.c.o   -c /home/IN/tojo6854/Documents/SicVis/ExSciVis2019-master/build/CMakeFiles/CMakeTmp/CheckSymbolExists.c
Linking C executable cmTC_4eadf
/usr/bin/cmake -E cmake_link_script CMakeFiles/cmTC_4eadf.dir/link.txt --verbose=1
/usr/bin/cc      -rdynamic CMakeFiles/cmTC_4eadf.dir/CheckSymbolExists.c.o  -o cmTC_4eadf 
/usr/bin/ld: CMakeFiles/cmTC_4eadf.dir/CheckSymbolExists.c.o: in function `main':
CheckSymbolExists.c:(.text+0x1b): undefined reference to `pthread_create'
collect2: error: ld returned 1 exit status
make[1]: *** [CMakeFiles/cmTC_4eadf.dir/build.make:87: cmTC_4eadf] Error 1
make[1]: Leaving directory '/home/IN/tojo6854/Documents/SicVis/ExSciVis2019-master/build/CMakeFiles/CMakeTmp'
make: *** [Makefile:121: cmTC_4eadf/fast] Error 2

File /home/IN/tojo6854/Documents/SicVis/ExSciVis2019-master/build/CMakeFiles/CMakeTmp/CheckSymbolExists.c:
/* */
#include <pthread.h>

int main(int argc, char** argv)
{
  (void)argv;
#ifndef pthread_create
  return ((int*)(&pthread_create))[argc];
#else
  (void)argc;
  return 0;
#endif
}

Determining if the function glXGetProcAddressEXT exists failed with the following output:
Change Dir: /home/IN/tojo6854/Documents/SicVis/ExSciVis2019-master/build/CMakeFiles/CMakeTmp

Run Build Command(s):/usr/bin/make cmTC_85d9a/fast 
/usr/bin/make -f CMakeFiles/cmTC_85d9a.dir/build.make CMakeFiles/cmTC_85d9a.dir/build
make[1]: Entering directory '/home/IN/tojo6854/Documents/SicVis/ExSciVis2019-master/build/CMakeFiles/CMakeTmp'
Building C object CMakeFiles/cmTC_85d9a.dir/CheckFunctionExists.c.o
/usr/bin/cc   -DCHECK_FUNCTION_EXISTS=glXGetProcAddressEXT   -o CMakeFiles/cmTC_85d9a.dir/CheckFunctionExists.c.o   -c /usr/share/cmake-3.14/Modules/CheckFunctionExists.c
Linking C executable cmTC_85d9a
/usr/bin/cmake -E cmake_link_script CMakeFiles/cmTC_85d9a.dir/link.txt --verbose=1
/usr/bin/cc  -DCHECK_FUNCTION_EXISTS=glXGetProcAddressEXT    -rdynamic CMakeFiles/cmTC_85d9a.dir/CheckFunctionExists.c.o  -o cmTC_85d9a /usr/lib/libGL.so 
/usr/bin/ld: CMakeFiles/cmTC_85d9a.dir/CheckFunctionExists.c.o: in function `main':
CheckFunctionExists.c:(.text+0x10): undefined reference to `glXGetProcAddressEXT'
collect2: error: ld returned 1 exit status
make[1]: *** [CMakeFiles/cmTC_85d9a.dir/build.make:88: cmTC_85d9a] Error 1
make[1]: Leaving directory '/home/IN/tojo6854/Documents/SicVis/ExSciVis2019-master/build/CMakeFiles/CMakeTmp'
make: *** [Makefile:121: cmTC_85d9a/fast] Error 2


